<?xml version="1.0" encoding="UTF-8"?>
<!-- Generated by org.testng.reporters.JUnitReportReporter -->
<testsuite hostname="DESKTOP-EVD93CH" failures="0" tests="1" name="Orange5.Orange5.Gethub" time="10.515" errors="0" timestamp="2021-01-12T11:47:02 IST" skipped="0">
  <testcase classname="Orange5.Orange5.Gethub" name="LoginTest" time="10.515"/>
  <system-out/>
</testsuite> <!-- Orange5.Orange5.Gethub -->
